<?xml version="1.0" encoding="UTF-8"?>
<r xsi:noNamespaceSchemaLocation="../src/dict.xsd" xmlns:xsi="http://www.w3.org/2001/XMLSchema-instance"
   xmlns:xs="http://www.w3.org/2001/XMLSchema" xmlns:hfp="http://www.w3.org/2001/XMLSchema-hasFacetAndProperty"
   xmlns:fn="http://www.w3.org/2005/02/xpath-functions">
   <entry order="2">
      <lg>
         <l>ён</l>
         <stg>
            <st erzContlex="A-сэнь">ён</st>
         </stg>
      </lg>
      <pos>A</pos>
      <e>
         <mg>
            <m>
               <head/>
               <defNative>паро, вадря, мазый, виде</defNative>
            </m>
            <tg lang="en">
               <t>good, nice</t>
            </tg>
            <xg>
               <x>цёрась ён.</x>
               <xt lang="en">the man is nice.</xt>
            </xg>
            <xg>
               <x>тейтересь ён. кудось ён. кизэсь ульнесь ён.</x>
               <xt lang="en">the girl is nice.</xt>
            </xg>
         </mg>
      </e>
   </entry>
   <entry order="2">
      <lg>
         <l>авадря</l>
         <stg>
            <st erzContlex="A-шумбра">авадря</st>
         </stg>
      </lg>
      <pos>A</pos>
      <e>
         <mg>
            <m>
               <head>
                  <sem/>
               </head>
               <defNative/>
            </m>
            <tg>
               <t/>
            </tg>
         </mg>
      </e>
   </entry>
   <entry order="2">
      <lg>
         <l>керш</l>
         <stg>
            <st erzContlex="A-керш">керш</st>
         </stg>
      </lg>
      <pos>A</pos>
      <e>
         <mg>
            <m>
               <head>
                  <sem/>
               </head>
               <semRel lemmaID="вить" semRelType="antonym"/>
               <defNative>Керш ёнкс. </defNative>
            </m>
            <tg>
               <t>left</t>
            </tg>
            <xg>
               <x>Керш ёно аштиця. Се ёнксось, кона пеле ломаненть керш кедезэ. Тук керш пелев. Керш пеле вирь. Стямс керш пелев.</x>
            </xg>
         </mg>
      </e>
   </entry>
   <entry order="2">
      <lg>
         <l>чевте</l>
         <stg>
            <st erzContlex="A-чевте">чевтИ2</st>
         </stg>
      </lg>
      <pos>A</pos>
      <e>
         <mg>
            <m>
               <head>
                  <sem/>
               </head>
               <defNative>Аволь калгодо. Шождынестэ керявиця, лаксевиця, мерькавиця. Шождынестэ поревиця. Чевте чувто. Чевте кши. Чевте тарка. Чевте тодов. Чевте мода.</defNative>
            </m>
            <tg>
               <t>soft</t>
            </tg>
         </mg>
         <mg>
            <m>
               <head>
                  <sem/>
               </head>
               <defNative>Аволь кежев. Кортавиця. Чевте ломань. Чевте вайгель. Чевте вал.</defNative>
            </m>
            <xg genreType="saying">
               <x>Чевте валось весемеде виев.</x>
            </xg>
         </mg>
      </e>
   </entry>
</r>
